<testsuites id="" name="" tests="2" failures="0" skipped="0" errors="0" time="4.973154">
<testsuite name="im-dashboard.spec.ts" timestamp="2026-01-25T19:19:48.160Z" hostname="chromium" tests="2" failures="0" skipped="0" time="2.144" errors="0">
<testcase name="IM Dashboard Extended View › should display all sections when user has FULL permissions" classname="im-dashboard.spec.ts" time="1.594">
</testcase>
<testcase name="IM Dashboard Extended View › should HIDE sections when user has LIMITED permissions" classname="im-dashboard.spec.ts" time="0.55">
</testcase>
</testsuite>
</testsuites>