<testsuites id="" name="" tests="2" failures="0" skipped="0" errors="0" time="1.371299">
<testsuite name="monitoring/bda-phase3-verification.spec.ts" timestamp="2026-01-31T18:02:38.302Z" hostname="chromium" tests="2" failures="0" skipped="0" time="0.645" errors="0">
<testcase name="BDA Phase 3 Integration - Intelligence &amp; Ontology › Should create intelligence feed and verify ontology projection" classname="monitoring/bda-phase3-verification.spec.ts" time="0.344">
</testcase>
<testcase name="BDA Phase 3 Integration - Intelligence &amp; Ontology › Intelligence Panel should be accessible for a target" classname="monitoring/bda-phase3-verification.spec.ts" time="0.301">
</testcase>
</testsuite>
</testsuites>