<testsuites id="" name="" tests="249" failures="194" skipped="5" errors="0" time="2048.868092">
<testsuite name="01-critical-workflows/day1-simple-validation.spec.ts" timestamp="2026-01-24T15:12:29.938Z" hostname="chromium" tests="3" failures="0" skipped="0" time="4.974" errors="0">
<testcase name="should validate test infrastructure setup" classname="01-critical-workflows/day1-simple-validation.spec.ts" time="1.656">
<system-out>
<![CDATA[🧪 Running Day 1 validation test
✅ Basic test infrastructure validated
]]>
</system-out>
</testcase>
<testcase name="should validate test fixtures" classname="01-critical-workflows/day1-simple-validation.spec.ts" time="0.966">
<system-out>
<![CDATA[🧪 Validating test fixtures
✅ Test fixtures validated
]]>
</system-out>
</testcase>
<testcase name="should validate page navigation" classname="01-critical-workflows/day1-simple-validation.spec.ts" time="2.352">
<system-out>
<![CDATA[🧪 Validating page navigation
✅ Page navigation validated
]]>
</system-out>
</testcase>
</testsuite>
<testsuite name="01-critical-workflows/day1-validation.spec.ts" timestamp="2026-01-24T15:12:29.938Z" hostname="chromium" tests="3" failures="0" skipped="0" time="5.234" errors="0">
<testcase name="Day 1 E2E Test Validation › should validate test infrastructure setup" classname="01-critical-workflows/day1-validation.spec.ts" time="4.481">
<system-out>
<![CDATA[🧪 Running Day 1 validation test
✅ Basic test infrastructure validated
]]>
</system-out>
</testcase>
<testcase name="Day 1 E2E Test Validation › should validate test fixtures and helpers" classname="01-critical-workflows/day1-validation.spec.ts" time="0.207">
<system-out>
<![CDATA[🧪 Validating test fixtures
✅ Test fixtures validated
]]>
</system-out>
</testcase>
<testcase name="Day 1 E2E Test Validation › should validate API mocking capability" classname="01-critical-workflows/day1-validation.spec.ts" time="0.546">
<system-out>
<![CDATA[🧪 Validating API mocking
✅ API mocking validated
]]>
</system-out>
</testcase>
</testsuite>
<testsuite name="01-critical-workflows/jtb-decision.spec.ts" timestamp="2026-01-24T15:12:29.938Z" hostname="chromium" tests="18" failures="18" skipped="0" time="663.055" errors="0">
<testcase name="JTB Decision Workflow - Day 2 Implementation › JTB Session Management › should create JTB session with all required fields" classname="01-critical-workflows/jtb-decision.spec.ts" time="15.311">
<failure message="jtb-decision.spec.ts:26:5 should create JTB session with all required fields" type="FAILURE">
<![CDATA[  [chromium] › 01-critical-workflows/jtb-decision.spec.ts:26:5 › JTB Decision Workflow - Day 2 Implementation › JTB Session Management › should create JTB session with all required fields 

    TimeoutError: page.waitForSelector: Timeout 10000ms exceeded.
    Call log:
      - waiting for locator('[data-testid="jtb-session-board"]') to be visible


       at helpers/testHelpers.ts:85

      83 |     await page.goto('/smartops/jtb-session');
      84 |     await page.waitForLoadState('networkidle');
    > 85 |     await page.waitForSelector('[data-testid="jtb-session-board"]', { timeout: 10000 });
         |                ^
      86 |   }
      87 |
      88 |   static async goToBDAWorkbench(page: Page) {
        at Function.goToJTBSession (/Users/vidarbrevik/projects/plan-target-assessment/frontend/tests/helpers/testHelpers.ts:85:16)
        at /Users/vidarbrevik/projects/plan-target-assessment/frontend/tests/01-critical-workflows/jtb-decision.spec.ts:29:7

    attachment #1: screenshot (image/png) ──────────────────────────────────────────────────────────
    ../test-results/01-critical-workflows-jtb--0f6eb-on-with-all-required-fields-chromium/test-failed-1.png
    ────────────────────────────────────────────────────────────────────────────────────────────────

    attachment #2: video (video/webm) ──────────────────────────────────────────────────────────────
    ../test-results/01-critical-workflows-jtb--0f6eb-on-with-all-required-fields-chromium/video.webm
    ────────────────────────────────────────────────────────────────────────────────────────────────

    Error Context: ../test-results/01-critical-workflows-jtb--0f6eb-on-with-all-required-fields-chromium/error-context.md

    attachment #4: trace (application/zip) ─────────────────────────────────────────────────────────
    ../test-results/01-critical-workflows-jtb--0f6eb-on-with-all-required-fields-chromium/trace.zip
    Usage:

        npx playwright show-trace ../test-results/01-critical-workflows-jtb--0f6eb-on-with-all-required-fields-chromium/trace.zip

    ────────────────────────────────────────────────────────────────────────────────────────────────
]]>
</failure>
<system-out>
<![CDATA[🏛️ Testing: JTB session creation

[[ATTACHMENT|test-results/01-critical-workflows-jtb--0f6eb-on-with-all-required-fields-chromium/test-failed-1.png]]

[[ATTACHMENT|test-results/01-critical-workflows-jtb--0f6eb-on-with-all-required-fields-chromium/video.webm]]

[[ATTACHMENT|test-results/01-critical-workflows-jtb--0f6eb-on-with-all-required-fields-chromium/error-context.md]]

[[ATTACHMENT|test-results/01-critical-workflows-jtb--0f6eb-on-with-all-required-fields-chromium/trace.zip]]
]]>
</system-out>
</testcase>
<testcase name="JTB Decision Workflow - Day 2 Implementation › JTB Session Management › should add multiple targets to session" classname="01-critical-workflows/jtb-decision.spec.ts" time="13.628">
<failure message="jtb-decision.spec.ts:56:5 should add multiple targets to session" type="FAILURE">
<![CDATA[  [chromium] › 01-critical-workflows/jtb-decision.spec.ts:56:5 › JTB Decision Workflow - Day 2 Implementation › JTB Session Management › should add multiple targets to session 

    TimeoutError: page.waitForSelector: Timeout 10000ms exceeded.
    Call log:
      - waiting for locator('[data-testid="jtb-session-board"]') to be visible


       at helpers/testHelpers.ts:85

      83 |     await page.goto('/smartops/jtb-session');
      84 |     await page.waitForLoadState('networkidle');
    > 85 |     await page.waitForSelector('[data-testid="jtb-session-board"]', { timeout: 10000 });
         |                ^
      86 |   }
      87 |
      88 |   static async goToBDAWorkbench(page: Page) {
        at Function.goToJTBSession (/Users/vidarbrevik/projects/plan-target-assessment/frontend/tests/helpers/testHelpers.ts:85:16)
        at Function.createJTBSession (/Users/vidarbrevik/projects/plan-target-assessment/frontend/tests/helpers/testHelpers.ts:176:5)
        at /Users/vidarbrevik/projects/plan-target-assessment/frontend/tests/01-critical-workflows/jtb-decision.spec.ts:60:25

    attachment #1: screenshot (image/png) ──────────────────────────────────────────────────────────
    ../test-results/01-critical-workflows-jtb--51257-multiple-targets-to-session-chromium/test-failed-1.png
    ────────────────────────────────────────────────────────────────────────────────────────────────

    attachment #2: video (video/webm) ──────────────────────────────────────────────────────────────
    ../test-results/01-critical-workflows-jtb--51257-multiple-targets-to-session-chromium/video.webm
    ────────────────────────────────────────────────────────────────────────────────────────────────

    Error Context: ../test-results/01-critical-workflows-jtb--51257-multiple-targets-to-session-chromium/error-context.md

    attachment #4: trace (application/zip) ─────────────────────────────────────────────────────────
    ../test-results/01-critical-workflows-jtb--51257-multiple-targets-to-session-chromium/trace.zip
    Usage:

        npx playwright show-trace ../test-results/01-critical-workflows-jtb--51257-multiple-targets-to-session-chromium/trace.zip

    ────────────────────────────────────────────────────────────────────────────────────────────────
]]>
</failure>
<system-out>
<![CDATA[🎯 Testing: Adding multiple targets to JTB session

[[ATTACHMENT|test-results/01-critical-workflows-jtb--51257-multiple-targets-to-session-chromium/test-failed-1.png]]

[[ATTACHMENT|test-results/01-critical-workflows-jtb--51257-multiple-targets-to-session-chromium/video.webm]]

[[ATTACHMENT|test-results/01-critical-workflows-jtb--51257-multiple-targets-to-session-chromium/error-context.md]]

[[ATTACHMENT|test-results/01-critical-workflows-jtb--51257-multiple-targets-to-session-chromium/trace.zip]]
]]>
</system-out>
</testcase>
<testcase name="JTB Decision Workflow - Day 2 Implementation › JTB Session Management › should archive completed session" classname="01-critical-workflows/jtb-decision.spec.ts" time="12.773">
<failure message="jtb-decision.spec.ts:107:5 should archive completed session" type="FAILURE">
<![CDATA[  [chromium] › 01-critical-workflows/jtb-decision.spec.ts:107:5 › JTB Decision Workflow - Day 2 Implementation › JTB Session Management › should archive completed session 

    TimeoutError: page.waitForSelector: Timeout 10000ms exceeded.
    Call log:
      - waiting for locator('[data-testid="jtb-session-board"]') to be visible


       at helpers/testHelpers.ts:85

      83 |     await page.goto('/smartops/jtb-session');
      84 |     await page.waitForLoadState('networkidle');
    > 85 |     await page.waitForSelector('[data-testid="jtb-session-board"]', { timeout: 10000 });
         |                ^
      86 |   }
      87 |
      88 |   static async goToBDAWorkbench(page: Page) {
        at Function.goToJTBSession (/Users/vidarbrevik/projects/plan-target-assessment/frontend/tests/helpers/testHelpers.ts:85:16)
        at Function.createJTBSession (/Users/vidarbrevik/projects/plan-target-assessment/frontend/tests/helpers/testHelpers.ts:176:5)
        at /Users/vidarbrevik/projects/plan-target-assessment/frontend/tests/01-critical-workflows/jtb-decision.spec.ts:111:25

    attachment #1: screenshot (image/png) ──────────────────────────────────────────────────────────
    ../test-results/01-critical-workflows-jtb--9264a-d-archive-completed-session-chromium/test-failed-1.png
    ────────────────────────────────────────────────────────────────────────────────────────────────

    attachment #2: video (video/webm) ──────────────────────────────────────────────────────────────
    ../test-results/01-critical-workflows-jtb--9264a-d-archive-completed-session-chromium/video.webm
    ────────────────────────────────────────────────────────────────────────────────────────────────

    Error Context: ../test-results/01-critical-workflows-jtb--9264a-d-archive-completed-session-chromium/error-context.md

    attachment #4: trace (application/zip) ─────────────────────────────────────────────────────────
    ../test-results/01-critical-workflows-jtb--9264a-d-archive-completed-session-chromium/trace.zip
    Usage:

        npx playwright show-trace ../test-results/01-critical-workflows-jtb--9264a-d-archive-completed-session-chromium/trace.zip

    ────────────────────────────────────────────────────────────────────────────────────────────────
]]>
</failure>
<system-out>
<![CDATA[📦 Testing: JTB session archiving

[[ATTACHMENT|test-results/01-critical-workflows-jtb--9264a-d-archive-completed-session-chromium/test-failed-1.png]]

[[ATTACHMENT|test-results/01-critical-workflows-jtb--9264a-d-archive-completed-session-chromium/video.webm]]

[[ATTACHMENT|test-results/01-critical-workflows-jtb--9264a-d-archive-completed-session-chromium/error-context.md]]

[[ATTACHMENT|test-results/01-critical-workflows-jtb--9264a-d-archive-completed-session-chromium/trace.zip]]
]]>
</system-out>
</testcase>
<testcase name="JTB Decision Workflow - Day 2 Implementation › JTB Session Management › should retrieve and display session history" classname="01-critical-workflows/jtb-decision.spec.ts" time="17.286">
<failure message="jtb-decision.spec.ts:140:5 should retrieve and display session history" type="FAILURE">
<![CDATA[  [chromium] › 01-critical-workflows/jtb-decision.spec.ts:140:5 › JTB Decision Workflow - Day 2 Implementation › JTB Session Management › should retrieve and display session history 

    TimeoutError: page.waitForSelector: Timeout 10000ms exceeded.
    Call log:
      - waiting for locator('[data-testid="jtb-session-board"]') to be visible


       at helpers/testHelpers.ts:85

      83 |     await page.goto('/smartops/jtb-session');
      84 |     await page.waitForLoadState('networkidle');
    > 85 |     await page.waitForSelector('[data-testid="jtb-session-board"]', { timeout: 10000 });
         |                ^
      86 |   }
      87 |
      88 |   static async goToBDAWorkbench(page: Page) {
        at Function.goToJTBSession (/Users/vidarbrevik/projects/plan-target-assessment/frontend/tests/helpers/testHelpers.ts:85:16)
        at Function.createJTBSession (/Users/vidarbrevik/projects/plan-target-assessment/frontend/tests/helpers/testHelpers.ts:176:5)
        at /Users/vidarbrevik/projects/plan-target-assessment/frontend/tests/01-critical-workflows/jtb-decision.spec.ts:144:24

    attachment #1: screenshot (image/png) ──────────────────────────────────────────────────────────
    ../test-results/01-critical-workflows-jtb--533bf-and-display-session-history-chromium/test-failed-1.png
    ────────────────────────────────────────────────────────────────────────────────────────────────

    attachment #2: video (video/webm) ──────────────────────────────────────────────────────────────
    ../test-results/01-critical-workflows-jtb--533bf-and-display-session-history-chromium/video.webm
    ────────────────────────────────────────────────────────────────────────────────────────────────

    Error Context: ../test-results/01-critical-workflows-jtb--533bf-and-display-session-history-chromium/error-context.md

    attachment #4: trace (application/zip) ─────────────────────────────────────────────────────────
    ../test-results/01-critical-workflows-jtb--533bf-and-display-session-history-chromium/trace.zip
    Usage:

        npx playwright show-trace ../test-results/01-critical-workflows-jtb--533bf-and-display-session-history-chromium/trace.zip

    ────────────────────────────────────────────────────────────────────────────────────────────────
]]>
</failure>
<system-out>
<![CDATA[📚 Testing: JTB session history retrieval

[[ATTACHMENT|test-results/01-critical-workflows-jtb--533bf-and-display-session-history-chromium/test-failed-1.png]]

[[ATTACHMENT|test-results/01-critical-workflows-jtb--533bf-and-display-session-history-chromium/video.webm]]

[[ATTACHMENT|test-results/01-critical-workflows-jtb--533bf-and-display-session-history-chromium/error-context.md]]

[[ATTACHMENT|test-results/01-critical-workflows-jtb--533bf-and-display-session-history-chromium/trace.zip]]
]]>
</system-out>
</testcase>
<testcase name="JTB Decision Workflow - Day 2 Implementation › Multi-Target Approval Workflow › should approve multiple targets in single session" classname="01-critical-workflows/jtb-decision.spec.ts" time="17.793">
<failure message="jtb-decision.spec.ts:175:5 should approve multiple targets in single session" type="FAILURE">
<![CDATA[  [chromium] › 01-critical-workflows/jtb-decision.spec.ts:175:5 › JTB Decision Workflow - Day 2 Implementation › Multi-Target Approval Workflow › should approve multiple targets in single session 

    TimeoutError: page.waitForSelector: Timeout 10000ms exceeded.
    Call log:
      - waiting for locator('[data-testid="jtb-session-board"]') to be visible


       at helpers/testHelpers.ts:85

      83 |     await page.goto('/smartops/jtb-session');
      84 |     await page.waitForLoadState('networkidle');
    > 85 |     await page.waitForSelector('[data-testid="jtb-session-board"]', { timeout: 10000 });
         |                ^
      86 |   }
      87 |
      88 |   static async goToBDAWorkbench(page: Page) {
        at Function.goToJTBSession (/Users/vidarbrevik/projects/plan-target-assessment/frontend/tests/helpers/testHelpers.ts:85:16)
        at Function.createJTBSession (/Users/vidarbrevik/projects/plan-target-assessment/frontend/tests/helpers/testHelpers.ts:176:5)
        at /Users/vidarbrevik/projects/plan-target-assessment/frontend/tests/01-critical-workflows/jtb-decision.spec.ts:179:25

    attachment #1: screenshot (image/png) ──────────────────────────────────────────────────────────
    ../test-results/01-critical-workflows-jtb--e638f-e-targets-in-single-session-chromium/test-failed-1.png
    ────────────────────────────────────────────────────────────────────────────────────────────────

    attachment #2: video (video/webm) ──────────────────────────────────────────────────────────────
    ../test-results/01-critical-workflows-jtb--e638f-e-targets-in-single-session-chromium/video.webm
    ────────────────────────────────────────────────────────────────────────────────────────────────

    Error Context: ../test-results/01-critical-workflows-jtb--e638f-e-targets-in-single-session-chromium/error-context.md

    attachment #4: trace (application/zip) ─────────────────────────────────────────────────────────
    ../test-results/01-critical-workflows-jtb--e638f-e-targets-in-single-session-chromium/trace.zip
    Usage:

        npx playwright show-trace ../test-results/01-critical-workflows-jtb--e638f-e-targets-in-single-session-chromium/trace.zip

    ────────────────────────────────────────────────────────────────────────────────────────────────
]]>
</failure>
<system-out>
<![CDATA[✅ Testing: Multi-target approval in single session

[[ATTACHMENT|test-results/01-critical-workflows-jtb--e638f-e-targets-in-single-session-chromium/test-failed-1.png]]

[[ATTACHMENT|test-results/01-critical-workflows-jtb--e638f-e-targets-in-single-session-chromium/video.webm]]

[[ATTACHMENT|test-results/01-critical-workflows-jtb--e638f-e-targets-in-single-session-chromium/error-context.md]]

[[ATTACHMENT|test-results/01-critical-workflows-jtb--e638f-e-targets-in-single-session-chromium/trace.zip]]
]]>
</system-out>
</testcase>
<testcase name="JTB Decision Workflow - Day 2 Implementation › Multi-Target Approval Workflow › should handle mixed approvals (approve/reject)" classname="01-critical-workflows/jtb-decision.spec.ts" time="23.526">
<failure message="jtb-decision.spec.ts:223:5 should handle mixed approvals (approve/reject)" type="FAILURE">
<![CDATA[  [chromium] › 01-critical-workflows/jtb-decision.spec.ts:223:5 › JTB Decision Workflow - Day 2 Implementation › Multi-Target Approval Workflow › should handle mixed approvals (approve/reject) 

    TimeoutError: page.waitForSelector: Timeout 10000ms exceeded.
    Call log:
      - waiting for locator('[data-testid="jtb-session-board"]') to be visible


       at helpers/testHelpers.ts:85

      83 |     await page.goto('/smartops/jtb-session');
      84 |     await page.waitForLoadState('networkidle');
    > 85 |     await page.waitForSelector('[data-testid="jtb-session-board"]', { timeout: 10000 });
         |                ^
      86 |   }
      87 |
      88 |   static async goToBDAWorkbench(page: Page) {
        at Function.goToJTBSession (/Users/vidarbrevik/projects/plan-target-assessment/frontend/tests/helpers/testHelpers.ts:85:16)
        at Function.createJTBSession (/Users/vidarbrevik/projects/plan-target-assessment/frontend/tests/helpers/testHelpers.ts:176:5)
        at /Users/vidarbrevik/projects/plan-target-assessment/frontend/tests/01-critical-workflows/jtb-decision.spec.ts:227:25

    attachment #1: screenshot (image/png) ──────────────────────────────────────────────────────────
    ../test-results/01-critical-workflows-jtb--565f3-d-approvals-approve-reject--chromium/test-failed-1.png
    ────────────────────────────────────────────────────────────────────────────────────────────────

    attachment #2: video (video/webm) ──────────────────────────────────────────────────────────────
    ../test-results/01-critical-workflows-jtb--565f3-d-approvals-approve-reject--chromium/video.webm
    ────────────────────────────────────────────────────────────────────────────────────────────────

    Error Context: ../test-results/01-critical-workflows-jtb--565f3-d-approvals-approve-reject--chromium/error-context.md

    attachment #4: trace (application/zip) ─────────────────────────────────────────────────────────
    ../test-results/01-critical-workflows-jtb--565f3-d-approvals-approve-reject--chromium/trace.zip
    Usage:

        npx playwright show-trace ../test-results/01-critical-workflows-jtb--565f3-d-approvals-approve-reject--chromium/trace.zip

    ────────────────────────────────────────────────────────────────────────────────────────────────
]]>
</failure>
<system-out>
<![CDATA[⚖️ Testing: Mixed approvals and rejections

[[ATTACHMENT|test-results/01-critical-workflows-jtb--565f3-d-approvals-approve-reject--chromium/test-failed-1.png]]

[[ATTACHMENT|test-results/01-critical-workflows-jtb--565f3-d-approvals-approve-reject--chromium/video.webm]]

[[ATTACHMENT|test-results/01-critical-workflows-jtb--565f3-d-approvals-approve-reject--chromium/error-context.md]]

[[ATTACHMENT|test-results/01-critical-workflows-jtb--565f3-d-approvals-approve-reject--chromium/trace.zip]]
]]>
</system-out>
</testcase>
<testcase name="JTB Decision Workflow - Day 2 Implementation › Multi-Target Approval Workflow › should maintain approval order and timestamps" classname="01-critical-workflows/jtb-decision.spec.ts" time="28.716">
<failure message="jtb-decision.spec.ts:269:5 should maintain approval order and timestamps" type="FAILURE">
<![CDATA[  [chromium] › 01-critical-workflows/jtb-decision.spec.ts:269:5 › JTB Decision Workflow - Day 2 Implementation › Multi-Target Approval Workflow › should maintain approval order and timestamps 

    TimeoutError: page.waitForSelector: Timeout 10000ms exceeded.
    Call log:
      - waiting for locator('[data-testid="jtb-session-board"]') to be visible


       at helpers/testHelpers.ts:85

      83 |     await page.goto('/smartops/jtb-session');
      84 |     await page.waitForLoadState('networkidle');
    > 85 |     await page.waitForSelector('[data-testid="jtb-session-board"]', { timeout: 10000 });
         |                ^
      86 |   }
      87 |
      88 |   static async goToBDAWorkbench(page: Page) {
        at Function.goToJTBSession (/Users/vidarbrevik/projects/plan-target-assessment/frontend/tests/helpers/testHelpers.ts:85:16)
        at Function.createJTBSession (/Users/vidarbrevik/projects/plan-target-assessment/frontend/tests/helpers/testHelpers.ts:176:5)
        at /Users/vidarbrevik/projects/plan-target-assessment/frontend/tests/01-critical-workflows/jtb-decision.spec.ts:273:25

    attachment #1: screenshot (image/png) ──────────────────────────────────────────────────────────
    ../test-results/01-critical-workflows-jtb--9647e-proval-order-and-timestamps-chromium/test-failed-1.png
    ────────────────────────────────────────────────────────────────────────────────────────────────

    attachment #2: video (video/webm) ──────────────────────────────────────────────────────────────
    ../test-results/01-critical-workflows-jtb--9647e-proval-order-and-timestamps-chromium/video.webm
    ────────────────────────────────────────────────────────────────────────────────────────────────

    Error Context: ../test-results/01-critical-workflows-jtb--9647e-proval-order-and-timestamps-chromium/error-context.md

    attachment #4: trace (application/zip) ─────────────────────────────────────────────────────────
    ../test-results/01-critical-workflows-jtb--9647e-proval-order-and-timestamps-chromium/trace.zip
    Usage:

        npx playwright show-trace ../test-results/01-critical-workflows-jtb--9647e-proval-order-and-timestamps-chromium/trace.zip

    ────────────────────────────────────────────────────────────────────────────────────────────────
]]>
</failure>
<system-out>
<![CDATA[⏱️ Testing: Approval order and timestamp tracking

[[ATTACHMENT|test-results/01-critical-workflows-jtb--9647e-proval-order-and-timestamps-chromium/test-failed-1.png]]

[[ATTACHMENT|test-results/01-critical-workflows-jtb--9647e-proval-order-and-timestamps-chromium/video.webm]]

[[ATTACHMENT|test-results/01-critical-workflows-jtb--9647e-proval-order-and-timestamps-chromium/error-context.md]]

[[ATTACHMENT|test-results/01-critical-workflows-jtb--9647e-proval-order-and-timestamps-chromium/trace.zip]]
]]>
</system-out>
</testcase>
<testcase name="JTB Decision Workflow - Day 2 Implementation › Decision Recording &amp; Rationale › should record approval rationale for each target" classname="01-critical-workflows/jtb-decision.spec.ts" time="60.287">
<failure message="jtb-decision.spec.ts:324:5 should record approval rationale for each target" type="FAILURE">
<![CDATA[  [chromium] › 01-critical-workflows/jtb-decision.spec.ts:324:5 › JTB Decision Workflow - Day 2 Implementation › Decision Recording & Rationale › should record approval rationale for each target 

    TimeoutError: page.waitForSelector: Timeout 10000ms exceeded.
    Call log:
      - waiting for locator('[data-testid="jtb-session-board"]') to be visible


       at helpers/testHelpers.ts:85

      83 |     await page.goto('/smartops/jtb-session');
      84 |     await page.waitForLoadState('networkidle');
    > 85 |     await page.waitForSelector('[data-testid="jtb-session-board"]', { timeout: 10000 });
         |                ^
      86 |   }
      87 |
      88 |   static async goToBDAWorkbench(page: Page) {
        at Function.goToJTBSession (/Users/vidarbrevik/projects/plan-target-assessment/frontend/tests/helpers/testHelpers.ts:85:16)
        at Function.createJTBSession (/Users/vidarbrevik/projects/plan-target-assessment/frontend/tests/helpers/testHelpers.ts:176:5)
        at /Users/vidarbrevik/projects/plan-target-assessment/frontend/tests/01-critical-workflows/jtb-decision.spec.ts:328:25

    attachment #1: screenshot (image/png) ──────────────────────────────────────────────────────────
    ../test-results/01-critical-workflows-jtb--dcebe-l-rationale-for-each-target-chromium/test-failed-1.png
    ────────────────────────────────────────────────────────────────────────────────────────────────

    attachment #2: video (video/webm) ──────────────────────────────────────────────────────────────
    ../test-results/01-critical-workflows-jtb--dcebe-l-rationale-for-each-target-chromium/video.webm
    ────────────────────────────────────────────────────────────────────────────────────────────────

    Error Context: ../test-results/01-critical-workflows-jtb--dcebe-l-rationale-for-each-target-chromium/error-context.md

    attachment #4: trace (application/zip) ─────────────────────────────────────────────────────────
    ../test-results/01-critical-workflows-jtb--dcebe-l-rationale-for-each-target-chromium/trace.zip
    Usage:

        npx playwright show-trace ../test-results/01-critical-workflows-jtb--dcebe-l-rationale-for-each-target-chromium/trace.zip

    ────────────────────────────────────────────────────────────────────────────────────────────────
]]>
</failure>
<system-out>
<![CDATA[📝 Testing: Approval rationale recording

[[ATTACHMENT|test-results/01-critical-workflows-jtb--dcebe-l-rationale-for-each-target-chromium/test-failed-1.png]]

[[ATTACHMENT|test-results/01-critical-workflows-jtb--dcebe-l-rationale-for-each-target-chromium/video.webm]]

[[ATTACHMENT|test-results/01-critical-workflows-jtb--dcebe-l-rationale-for-each-target-chromium/error-context.md]]

[[ATTACHMENT|test-results/01-critical-workflows-jtb--dcebe-l-rationale-for-each-target-chromium/trace.zip]]
]]>
</system-out>
</testcase>
<testcase name="JTB Decision Workflow - Day 2 Implementation › Decision Recording &amp; Rationale › should record rejection rationale with details" classname="01-critical-workflows/jtb-decision.spec.ts" time="78.119">
<failure message="jtb-decision.spec.ts:361:5 should record rejection rationale with details" type="FAILURE">
<![CDATA[  [chromium] › 01-critical-workflows/jtb-decision.spec.ts:361:5 › JTB Decision Workflow - Day 2 Implementation › Decision Recording & Rationale › should record rejection rationale with details 

    TimeoutError: page.waitForSelector: Timeout 10000ms exceeded.
    Call log:
      - waiting for locator('[data-testid="jtb-session-board"]') to be visible


       at helpers/testHelpers.ts:85

      83 |     await page.goto('/smartops/jtb-session');
      84 |     await page.waitForLoadState('networkidle');
    > 85 |     await page.waitForSelector('[data-testid="jtb-session-board"]', { timeout: 10000 });
         |                ^
      86 |   }
      87 |
      88 |   static async goToBDAWorkbench(page: Page) {
        at Function.goToJTBSession (/Users/vidarbrevik/projects/plan-target-assessment/frontend/tests/helpers/testHelpers.ts:85:16)
        at Function.createJTBSession (/Users/vidarbrevik/projects/plan-target-assessment/frontend/tests/helpers/testHelpers.ts:176:5)
        at /Users/vidarbrevik/projects/plan-target-assessment/frontend/tests/01-critical-workflows/jtb-decision.spec.ts:365:25

    Tearing down "context" exceeded the test timeout of 60000ms.

    attachment #1: screenshot (image/png) ──────────────────────────────────────────────────────────
    ../test-results/01-critical-workflows-jtb--6f85b-tion-rationale-with-details-chromium/test-failed-1.png
    ────────────────────────────────────────────────────────────────────────────────────────────────

    Error Context: ../test-results/01-critical-workflows-jtb--6f85b-tion-rationale-with-details-chromium/error-context.md

    attachment #3: trace (application/zip) ─────────────────────────────────────────────────────────
    ../test-results/01-critical-workflows-jtb--6f85b-tion-rationale-with-details-chromium/trace.zip
    Usage:

        npx playwright show-trace ../test-results/01-critical-workflows-jtb--6f85b-tion-rationale-with-details-chromium/trace.zip

    ────────────────────────────────────────────────────────────────────────────────────────────────
]]>
</failure>
<system-out>
<![CDATA[❌ Testing: Rejection rationale recording

[[ATTACHMENT|test-results/01-critical-workflows-jtb--6f85b-tion-rationale-with-details-chromium/test-failed-1.png]]

[[ATTACHMENT|test-results/01-critical-workflows-jtb--6f85b-tion-rationale-with-details-chromium/error-context.md]]

[[ATTACHMENT|test-results/01-critical-workflows-jtb--6f85b-tion-rationale-with-details-chromium/trace.zip]]
]]>
</system-out>
</testcase>
<testcase name="JTB Decision Workflow - Day 2 Implementation › Decision Recording &amp; Rationale › should allow rationale editing before finalization" classname="01-critical-workflows/jtb-decision.spec.ts" time="17.463">
<failure message="jtb-decision.spec.ts:395:5 should allow rationale editing before finalization" type="FAILURE">
<![CDATA[  [chromium] › 01-critical-workflows/jtb-decision.spec.ts:395:5 › JTB Decision Workflow - Day 2 Implementation › Decision Recording & Rationale › should allow rationale editing before finalization 

    TimeoutError: page.waitForSelector: Timeout 10000ms exceeded.
    Call log:
      - waiting for locator('[data-testid="jtb-session-board"]') to be visible


       at helpers/testHelpers.ts:85

      83 |     await page.goto('/smartops/jtb-session');
      84 |     await page.waitForLoadState('networkidle');
    > 85 |     await page.waitForSelector('[data-testid="jtb-session-board"]', { timeout: 10000 });
         |                ^
      86 |   }
      87 |
      88 |   static async goToBDAWorkbench(page: Page) {
        at Function.goToJTBSession (/Users/vidarbrevik/projects/plan-target-assessment/frontend/tests/helpers/testHelpers.ts:85:16)
        at Function.createJTBSession (/Users/vidarbrevik/projects/plan-target-assessment/frontend/tests/helpers/testHelpers.ts:176:5)
        at /Users/vidarbrevik/projects/plan-target-assessment/frontend/tests/01-critical-workflows/jtb-decision.spec.ts:399:25

    attachment #1: screenshot (image/png) ──────────────────────────────────────────────────────────
    ../test-results/01-critical-workflows-jtb--427cc-editing-before-finalization-chromium/test-failed-1.png
    ────────────────────────────────────────────────────────────────────────────────────────────────

    attachment #2: video (video/webm) ──────────────────────────────────────────────────────────────
    ../test-results/01-critical-workflows-jtb--427cc-editing-before-finalization-chromium/video.webm
    ────────────────────────────────────────────────────────────────────────────────────────────────

    Error Context: ../test-results/01-critical-workflows-jtb--427cc-editing-before-finalization-chromium/error-context.md

    attachment #4: trace (application/zip) ─────────────────────────────────────────────────────────
    ../test-results/01-critical-workflows-jtb--427cc-editing-before-finalization-chromium/trace.zip
    Usage:

        npx playwright show-trace ../test-results/01-critical-workflows-jtb--427cc-editing-before-finalization-chromium/trace.zip

    ────────────────────────────────────────────────────────────────────────────────────────────────
]]>
</failure>
<system-out>
<![CDATA[✏️ Testing: Rationale editing before finalization

[[ATTACHMENT|test-results/01-critical-workflows-jtb--427cc-editing-before-finalization-chromium/test-failed-1.png]]

[[ATTACHMENT|test-results/01-critical-workflows-jtb--427cc-editing-before-finalization-chromium/video.webm]]

[[ATTACHMENT|test-results/01-critical-workflows-jtb--427cc-editing-before-finalization-chromium/error-context.md]]

[[ATTACHMENT|test-results/01-critical-workflows-jtb--427cc-editing-before-finalization-chromium/trace.zip]]
]]>
</system-out>
</testcase>
<testcase name="JTB Decision Workflow - Day 2 Implementation › Performance Benchmarks › should approve 10 targets in under 2 minutes" classname="01-critical-workflows/jtb-decision.spec.ts" time="93.904">
<failure message="jtb-decision.spec.ts:433:5 should approve 10 targets in under 2 minutes" type="FAILURE">
<![CDATA[  [chromium] › 01-critical-workflows/jtb-decision.spec.ts:433:5 › JTB Decision Workflow - Day 2 Implementation › Performance Benchmarks › should approve 10 targets in under 2 minutes 

    TimeoutError: page.waitForSelector: Timeout 10000ms exceeded.
    Call log:
      - waiting for locator('[data-testid="jtb-session-board"]') to be visible


       at helpers/testHelpers.ts:85

      83 |     await page.goto('/smartops/jtb-session');
      84 |     await page.waitForLoadState('networkidle');
    > 85 |     await page.waitForSelector('[data-testid="jtb-session-board"]', { timeout: 10000 });
         |                ^
      86 |   }
      87 |
      88 |   static async goToBDAWorkbench(page: Page) {
        at Function.goToJTBSession (/Users/vidarbrevik/projects/plan-target-assessment/frontend/tests/helpers/testHelpers.ts:85:16)
        at Function.createJTBSession (/Users/vidarbrevik/projects/plan-target-assessment/frontend/tests/helpers/testHelpers.ts:176:5)
        at /Users/vidarbrevik/projects/plan-target-assessment/frontend/tests/01-critical-workflows/jtb-decision.spec.ts:437:25

    Tearing down "context" exceeded the test timeout of 60000ms.

    attachment #1: screenshot (image/png) ──────────────────────────────────────────────────────────
    ../test-results/01-critical-workflows-jtb--8a9a7--targets-in-under-2-minutes-chromium/test-failed-1.png
    ────────────────────────────────────────────────────────────────────────────────────────────────

    Error Context: ../test-results/01-critical-workflows-jtb--8a9a7--targets-in-under-2-minutes-chromium/error-context.md

    attachment #3: trace (application/zip) ─────────────────────────────────────────────────────────
    ../test-results/01-critical-workflows-jtb--8a9a7--targets-in-under-2-minutes-chromium/trace.zip
    Usage:

        npx playwright show-trace ../test-results/01-critical-workflows-jtb--8a9a7--targets-in-under-2-minutes-chromium/trace.zip

    ────────────────────────────────────────────────────────────────────────────────────────────────
]]>
</failure>
<system-out>
<![CDATA[⚡ Testing: Multi-target approval performance

[[ATTACHMENT|test-results/01-critical-workflows-jtb--8a9a7--targets-in-under-2-minutes-chromium/test-failed-1.png]]

[[ATTACHMENT|test-results/01-critical-workflows-jtb--8a9a7--targets-in-under-2-minutes-chromium/error-context.md]]

[[ATTACHMENT|test-results/01-critical-workflows-jtb--8a9a7--targets-in-under-2-minutes-chromium/trace.zip]]
]]>
</system-out>
</testcase>
<testcase name="JTB Decision Workflow - Day 2 Implementation › Performance Benchmarks › should handle session with 20 targets without performance degradation" classname="01-critical-workflows/jtb-decision.spec.ts" time="120.106">
<failure message="jtb-decision.spec.ts:480:5 should handle session with 20 targets without performance degradation" type="FAILURE">
<![CDATA[  [chromium] › 01-critical-workflows/jtb-decision.spec.ts:480:5 › JTB Decision Workflow - Day 2 Implementation › Performance Benchmarks › should handle session with 20 targets without performance degradation 

    Test timeout of 60000ms exceeded.

    Error: page.goto: Test timeout of 60000ms exceeded.
    Call log:
      - navigating to "http://localhost:5173/smartops/jtb-session", waiting until "load"


       at helpers/testHelpers.ts:83

      81 |
      82 |   static async goToJTBSession(page: Page) {
    > 83 |     await page.goto('/smartops/jtb-session');
         |                ^
      84 |     await page.waitForLoadState('networkidle');
      85 |     await page.waitForSelector('[data-testid="jtb-session-board"]', { timeout: 10000 });
      86 |   }
        at Function.goToJTBSession (/Users/vidarbrevik/projects/plan-target-assessment/frontend/tests/helpers/testHelpers.ts:83:16)
        at Function.createJTBSession (/Users/vidarbrevik/projects/plan-target-assessment/frontend/tests/helpers/testHelpers.ts:176:28)
        at /Users/vidarbrevik/projects/plan-target-assessment/frontend/tests/01-critical-workflows/jtb-decision.spec.ts:484:41

    Tearing down "context" exceeded the test timeout of 60000ms.

    attachment #1: trace (application/zip) ─────────────────────────────────────────────────────────
    ../test-results/01-critical-workflows-jtb--fa697-out-performance-degradation-chromium/trace.zip
    Usage:

        npx playwright show-trace ../test-results/01-critical-workflows-jtb--fa697-out-performance-degradation-chromium/trace.zip

    ────────────────────────────────────────────────────────────────────────────────────────────────
]]>
</failure>
<system-out>
<![CDATA[📈 Testing: Large session performance

[[ATTACHMENT|test-results/01-critical-workflows-jtb--fa697-out-performance-degradation-chromium/trace.zip]]
]]>
</system-out>
</testcase>
<testcase name="JTB Decision Workflow - Day 2 Implementation › Error Handling › should handle API failures during approval" classname="01-critical-workflows/jtb-decision.spec.ts" time="32.985">
<failure message="jtb-decision.spec.ts:528:5 should handle API failures during approval" type="FAILURE">
<![CDATA[  [chromium] › 01-critical-workflows/jtb-decision.spec.ts:528:5 › JTB Decision Workflow - Day 2 Implementation › Error Handling › should handle API failures during approval 

    TimeoutError: page.waitForSelector: Timeout 10000ms exceeded.
    Call log:
      - waiting for locator('[data-testid="jtb-session-board"]') to be visible


       at helpers/testHelpers.ts:85

      83 |     await page.goto('/smartops/jtb-session');
      84 |     await page.waitForLoadState('networkidle');
    > 85 |     await page.waitForSelector('[data-testid="jtb-session-board"]', { timeout: 10000 });
         |                ^
      86 |   }
      87 |
      88 |   static async goToBDAWorkbench(page: Page) {
        at Function.goToJTBSession (/Users/vidarbrevik/projects/plan-target-assessment/frontend/tests/helpers/testHelpers.ts:85:16)
        at Function.createJTBSession (/Users/vidarbrevik/projects/plan-target-assessment/frontend/tests/helpers/testHelpers.ts:176:5)
        at /Users/vidarbrevik/projects/plan-target-assessment/frontend/tests/01-critical-workflows/jtb-decision.spec.ts:532:25

    attachment #1: screenshot (image/png) ──────────────────────────────────────────────────────────
    ../test-results/01-critical-workflows-jtb--5f52d-PI-failures-during-approval-chromium/test-failed-1.png
    ────────────────────────────────────────────────────────────────────────────────────────────────

    attachment #2: video (video/webm) ──────────────────────────────────────────────────────────────
    ../test-results/01-critical-workflows-jtb--5f52d-PI-failures-during-approval-chromium/video.webm
    ────────────────────────────────────────────────────────────────────────────────────────────────

    Error Context: ../test-results/01-critical-workflows-jtb--5f52d-PI-failures-during-approval-chromium/error-context.md

    attachment #4: trace (application/zip) ─────────────────────────────────────────────────────────
    ../test-results/01-critical-workflows-jtb--5f52d-PI-failures-during-approval-chromium/trace.zip
    Usage:

        npx playwright show-trace ../test-results/01-critical-workflows-jtb--5f52d-PI-failures-during-approval-chromium/trace.zip

    ────────────────────────────────────────────────────────────────────────────────────────────────
]]>
</failure>
<system-out>
<![CDATA[🚨 Testing: API failure handling during approval

[[ATTACHMENT|test-results/01-critical-workflows-jtb--5f52d-PI-failures-during-approval-chromium/test-failed-1.png]]

[[ATTACHMENT|test-results/01-critical-workflows-jtb--5f52d-PI-failures-during-approval-chromium/video.webm]]

[[ATTACHMENT|test-results/01-critical-workflows-jtb--5f52d-PI-failures-during-approval-chromium/error-context.md]]

[[ATTACHMENT|test-results/01-critical-workflows-jtb--5f52d-PI-failures-during-approval-chromium/trace.zip]]
]]>
</system-out>
</testcase>
<testcase name="JTB Decision Workflow - Day 2 Implementation › Error Handling › should handle network timeouts gracefully" classname="01-critical-workflows/jtb-decision.spec.ts" time="28.674">
<failure message="jtb-decision.spec.ts:571:5 should handle network timeouts gracefully" type="FAILURE">
<![CDATA[  [chromium] › 01-critical-workflows/jtb-decision.spec.ts:571:5 › JTB Decision Workflow - Day 2 Implementation › Error Handling › should handle network timeouts gracefully 

    TimeoutError: page.waitForSelector: Timeout 10000ms exceeded.
    Call log:
      - waiting for locator('[data-testid="jtb-session-board"]') to be visible


       at helpers/testHelpers.ts:85

      83 |     await page.goto('/smartops/jtb-session');
      84 |     await page.waitForLoadState('networkidle');
    > 85 |     await page.waitForSelector('[data-testid="jtb-session-board"]', { timeout: 10000 });
         |                ^
      86 |   }
      87 |
      88 |   static async goToBDAWorkbench(page: Page) {
        at Function.goToJTBSession (/Users/vidarbrevik/projects/plan-target-assessment/frontend/tests/helpers/testHelpers.ts:85:16)
        at Function.createJTBSession (/Users/vidarbrevik/projects/plan-target-assessment/frontend/tests/helpers/testHelpers.ts:176:5)
        at /Users/vidarbrevik/projects/plan-target-assessment/frontend/tests/01-critical-workflows/jtb-decision.spec.ts:575:25

    attachment #1: screenshot (image/png) ──────────────────────────────────────────────────────────
    ../test-results/01-critical-workflows-jtb--41d8e-network-timeouts-gracefully-chromium/test-failed-1.png
    ────────────────────────────────────────────────────────────────────────────────────────────────

    attachment #2: video (video/webm) ──────────────────────────────────────────────────────────────
    ../test-results/01-critical-workflows-jtb--41d8e-network-timeouts-gracefully-chromium/video.webm
    ────────────────────────────────────────────────────────────────────────────────────────────────

    Error Context: ../test-results/01-critical-workflows-jtb--41d8e-network-timeouts-gracefully-chromium/error-context.md

    attachment #4: trace (application/zip) ─────────────────────────────────────────────────────────
    ../test-results/01-critical-workflows-jtb--41d8e-network-timeouts-gracefully-chromium/trace.zip
    Usage:

        npx playwright show-trace ../test-results/01-critical-workflows-jtb--41d8e-network-timeouts-gracefully-chromium/trace.zip

    ────────────────────────────────────────────────────────────────────────────────────────────────
]]>
</failure>
<system-out>
<![CDATA[⏱️ Testing: Network timeout handling

[[ATTACHMENT|test-results/01-critical-workflows-jtb--41d8e-network-timeouts-gracefully-chromium/test-failed-1.png]]

[[ATTACHMENT|test-results/01-critical-workflows-jtb--41d8e-network-timeouts-gracefully-chromium/video.webm]]

[[ATTACHMENT|test-results/01-critical-workflows-jtb--41d8e-network-timeouts-gracefully-chromium/error-context.md]]

[[ATTACHMENT|test-results/01-critical-workflows-jtb--41d8e-network-timeouts-gracefully-chromium/trace.zip]]
]]>
</system-out>
</testcase>
<testcase name="JTB Decision Workflow - Day 2 Implementation › Error Handling › should handle invalid session data validation" classname="01-critical-workflows/jtb-decision.spec.ts" time="24.183">
<failure message="jtb-decision.spec.ts:616:5 should handle invalid session data validation" type="FAILURE">
<![CDATA[  [chromium] › 01-critical-workflows/jtb-decision.spec.ts:616:5 › JTB Decision Workflow - Day 2 Implementation › Error Handling › should handle invalid session data validation 

    TimeoutError: page.waitForSelector: Timeout 10000ms exceeded.
    Call log:
      - waiting for locator('[data-testid="jtb-session-board"]') to be visible


       at helpers/testHelpers.ts:85

      83 |     await page.goto('/smartops/jtb-session');
      84 |     await page.waitForLoadState('networkidle');
    > 85 |     await page.waitForSelector('[data-testid="jtb-session-board"]', { timeout: 10000 });
         |                ^
      86 |   }
      87 |
      88 |   static async goToBDAWorkbench(page: Page) {
        at Function.goToJTBSession (/Users/vidarbrevik/projects/plan-target-assessment/frontend/tests/helpers/testHelpers.ts:85:16)
        at /Users/vidarbrevik/projects/plan-target-assessment/frontend/tests/01-critical-workflows/jtb-decision.spec.ts:619:7

    attachment #1: screenshot (image/png) ──────────────────────────────────────────────────────────
    ../test-results/01-critical-workflows-jtb--4c935-lid-session-data-validation-chromium/test-failed-1.png
    ────────────────────────────────────────────────────────────────────────────────────────────────

    attachment #2: video (video/webm) ──────────────────────────────────────────────────────────────
    ../test-results/01-critical-workflows-jtb--4c935-lid-session-data-validation-chromium/video.webm
    ────────────────────────────────────────────────────────────────────────────────────────────────

    Error Context: ../test-results/01-critical-workflows-jtb--4c935-lid-session-data-validation-chromium/error-context.md

    attachment #4: trace (application/zip) ─────────────────────────────────────────────────────────
    ../test-results/01-critical-workflows-jtb--4c935-lid-session-data-validation-chromium/trace.zip
    Usage:

        npx playwright show-trace ../test-results/01-critical-workflows-jtb--4c935-lid-session-data-validation-chromium/trace.zip

    ────────────────────────────────────────────────────────────────────────────────────────────────
]]>
</failure>
<system-out>
<![CDATA[⚠️ Testing: Invalid session data validation

[[ATTACHMENT|test-results/01-critical-workflows-jtb--4c935-lid-session-data-validation-chromium/test-failed-1.png]]

[[ATTACHMENT|test-results/01-critical-workflows-jtb--4c935-lid-session-data-validation-chromium/video.webm]]

[[ATTACHMENT|test-results/01-critical-workflows-jtb--4c935-lid-session-data-validation-chromium/error-context.md]]

[[ATTACHMENT|test-results/01-critical-workflows-jtb--4c935-lid-session-data-validation-chromium/trace.zip]]
]]>
</system-out>
</testcase>
<testcase name="JTB Decision Workflow - Day 2 Implementation › Edge Cases › should handle empty session (no targets)" classname="01-critical-workflows/jtb-decision.spec.ts" time="19.522">
<failure message="jtb-decision.spec.ts:646:5 should handle empty session (no targets)" type="FAILURE">
<![CDATA[  [chromium] › 01-critical-workflows/jtb-decision.spec.ts:646:5 › JTB Decision Workflow - Day 2 Implementation › Edge Cases › should handle empty session (no targets) 

    TimeoutError: page.waitForSelector: Timeout 10000ms exceeded.
    Call log:
      - waiting for locator('[data-testid="jtb-session-board"]') to be visible


       at helpers/testHelpers.ts:85

      83 |     await page.goto('/smartops/jtb-session');
      84 |     await page.waitForLoadState('networkidle');
    > 85 |     await page.waitForSelector('[data-testid="jtb-session-board"]', { timeout: 10000 });
         |                ^
      86 |   }
      87 |
      88 |   static async goToBDAWorkbench(page: Page) {
        at Function.goToJTBSession (/Users/vidarbrevik/projects/plan-target-assessment/frontend/tests/helpers/testHelpers.ts:85:16)
        at Function.createJTBSession (/Users/vidarbrevik/projects/plan-target-assessment/frontend/tests/helpers/testHelpers.ts:176:5)
        at /Users/vidarbrevik/projects/plan-target-assessment/frontend/tests/01-critical-workflows/jtb-decision.spec.ts:650:25

    attachment #1: screenshot (image/png) ──────────────────────────────────────────────────────────
    ../test-results/01-critical-workflows-jtb--f7150-e-empty-session-no-targets--chromium/test-failed-1.png
    ────────────────────────────────────────────────────────────────────────────────────────────────

    attachment #2: video (video/webm) ──────────────────────────────────────────────────────────────
    ../test-results/01-critical-workflows-jtb--f7150-e-empty-session-no-targets--chromium/video.webm
    ────────────────────────────────────────────────────────────────────────────────────────────────

    Error Context: ../test-results/01-critical-workflows-jtb--f7150-e-empty-session-no-targets--chromium/error-context.md

    attachment #4: trace (application/zip) ─────────────────────────────────────────────────────────
    ../test-results/01-critical-workflows-jtb--f7150-e-empty-session-no-targets--chromium/trace.zip
    Usage:

        npx playwright show-trace ../test-results/01-critical-workflows-jtb--f7150-e-empty-session-no-targets--chromium/trace.zip

    ────────────────────────────────────────────────────────────────────────────────────────────────
]]>
</failure>
<system-out>
<![CDATA[📭 Testing: Empty session handling

[[ATTACHMENT|test-results/01-critical-workflows-jtb--f7150-e-empty-session-no-targets--chromium/test-failed-1.png]]

[[ATTACHMENT|test-results/01-critical-workflows-jtb--f7150-e-empty-session-no-targets--chromium/video.webm]]

[[ATTACHMENT|test-results/01-critical-workflows-jtb--f7150-e-empty-session-no-targets--chromium/error-context.md]]

[[ATTACHMENT|test-results/01-critical-workflows-jtb--f7150-e-empty-session-no-targets--chromium/trace.zip]]
]]>
</system-out>
</testcase>
<testcase name="JTB Decision Workflow - Day 2 Implementation › Edge Cases › should handle session with 50 targets" classname="01-critical-workflows/jtb-decision.spec.ts" time="15.159">
<failure message="jtb-decision.spec.ts:667:5 should handle session with 50 targets" type="FAILURE">
<![CDATA[  [chromium] › 01-critical-workflows/jtb-decision.spec.ts:667:5 › JTB Decision Workflow - Day 2 Implementation › Edge Cases › should handle session with 50 targets 

    TimeoutError: page.waitForSelector: Timeout 10000ms exceeded.
    Call log:
      - waiting for locator('[data-testid="jtb-session-board"]') to be visible


       at helpers/testHelpers.ts:85

      83 |     await page.goto('/smartops/jtb-session');
      84 |     await page.waitForLoadState('networkidle');
    > 85 |     await page.waitForSelector('[data-testid="jtb-session-board"]', { timeout: 10000 });
         |                ^
      86 |   }
      87 |
      88 |   static async goToBDAWorkbench(page: Page) {
        at Function.goToJTBSession (/Users/vidarbrevik/projects/plan-target-assessment/frontend/tests/helpers/testHelpers.ts:85:16)
        at Function.createJTBSession (/Users/vidarbrevik/projects/plan-target-assessment/frontend/tests/helpers/testHelpers.ts:176:5)
        at /Users/vidarbrevik/projects/plan-target-assessment/frontend/tests/01-critical-workflows/jtb-decision.spec.ts:671:25

    attachment #1: screenshot (image/png) ──────────────────────────────────────────────────────────
    ../test-results/01-critical-workflows-jtb--46c37-dle-session-with-50-targets-chromium/test-failed-1.png
    ────────────────────────────────────────────────────────────────────────────────────────────────

    attachment #2: video (video/webm) ──────────────────────────────────────────────────────────────
    ../test-results/01-critical-workflows-jtb--46c37-dle-session-with-50-targets-chromium/video.webm
    ────────────────────────────────────────────────────────────────────────────────────────────────

    Error Context: ../test-results/01-critical-workflows-jtb--46c37-dle-session-with-50-targets-chromium/error-context.md

    attachment #4: trace (application/zip) ─────────────────────────────────────────────────────────
    ../test-results/01-critical-workflows-jtb--46c37-dle-session-with-50-targets-chromium/trace.zip
    Usage:

        npx playwright show-trace ../test-results/01-critical-workflows-jtb--46c37-dle-session-with-50-targets-chromium/trace.zip

    ────────────────────────────────────────────────────────────────────────────────────────────────
]]>
</failure>
<system-out>
<![CDATA[📊 Testing: Large session with 50 targets

[[ATTACHMENT|test-results/01-critical-workflows-jtb--46c37-dle-session-with-50-targets-chromium/test-failed-1.png]]

[[ATTACHMENT|test-results/01-critical-workflows-jtb--46c37-dle-session-with-50-targets-chromium/video.webm]]

[[ATTACHMENT|test-results/01-critical-workflows-jtb--46c37-dle-session-with-50-targets-chromium/error-context.md]]

[[ATTACHMENT|test-results/01-critical-workflows-jtb--46c37-dle-session-with-50-targets-chromium/trace.zip]]
]]>
</system-out>
</testcase>
<testcase name="JTB Decision Workflow - Day 2 Implementation › Edge Cases › should handle session timeouts" classname="01-critical-workflows/jtb-decision.spec.ts" time="43.62">
<failure message="jtb-decision.spec.ts:709:5 should handle session timeouts" type="FAILURE">
<![CDATA[  [chromium] › 01-critical-workflows/jtb-decision.spec.ts:709:5 › JTB Decision Workflow - Day 2 Implementation › Edge Cases › should handle session timeouts 

    TimeoutError: page.waitForSelector: Timeout 10000ms exceeded.
    Call log:
      - waiting for locator('[data-testid="jtb-session-board"]') to be visible


       at helpers/testHelpers.ts:85

      83 |     await page.goto('/smartops/jtb-session');
      84 |     await page.waitForLoadState('networkidle');
    > 85 |     await page.waitForSelector('[data-testid="jtb-session-board"]', { timeout: 10000 });
         |                ^
      86 |   }
      87 |
      88 |   static async goToBDAWorkbench(page: Page) {
        at Function.goToJTBSession (/Users/vidarbrevik/projects/plan-target-assessment/frontend/tests/helpers/testHelpers.ts:85:16)
        at Function.createJTBSession (/Users/vidarbrevik/projects/plan-target-assessment/frontend/tests/helpers/testHelpers.ts:176:5)
        at /Users/vidarbrevik/projects/plan-target-assessment/frontend/tests/01-critical-workflows/jtb-decision.spec.ts:713:25

    attachment #1: screenshot (image/png) ──────────────────────────────────────────────────────────
    ../test-results/01-critical-workflows-jtb--d58eb-uld-handle-session-timeouts-chromium/test-failed-1.png
    ────────────────────────────────────────────────────────────────────────────────────────────────

    attachment #2: video (video/webm) ──────────────────────────────────────────────────────────────
    ../test-results/01-critical-workflows-jtb--d58eb-uld-handle-session-timeouts-chromium/video.webm
    ────────────────────────────────────────────────────────────────────────────────────────────────

    Error Context: ../test-results/01-critical-workflows-jtb--d58eb-uld-handle-session-timeouts-chromium/error-context.md

    attachment #4: trace (application/zip) ─────────────────────────────────────────────────────────
    ../test-results/01-critical-workflows-jtb--d58eb-uld-handle-session-timeouts-chromium/trace.zip
    Usage:

        npx playwright show-trace ../test-results/01-critical-workflows-jtb--d58eb-uld-handle-session-timeouts-chromium/trace.zip

    ────────────────────────────────────────────────────────────────────────────────────────────────
]]>
</failure>
<system-out>
<![CDATA[⏰ Testing: Session timeout handling

[[ATTACHMENT|test-results/01-critical-workflows-jtb--d58eb-uld-handle-session-timeouts-chromium/test-failed-1.png]]

[[ATTACHMENT|test-results/01-critical-workflows-jtb--d58eb-uld-handle-session-timeouts-chromium/video.webm]]

[[ATTACHMENT|test-results/01-critical-workflows-jtb--d58eb-uld-handle-session-timeouts-chromium/error-context.md]]

[[ATTACHMENT|test-results/01-critical-workflows-jtb--d58eb-uld-handle-session-timeouts-chromium/trace.zip]]
]]>
</system-out>
</testcase>
</testsuite>
<testsuite name="01-critical-workflows/target-lifecycle.spec.ts" timestamp="2026-01-24T15:12:29.938Z" hostname="chromium" tests="17" failures="17" skipped="0" time="571.344" errors="0">
<testcase name="Target Lifecycle - Critical Workflows › Target Nomination Workflow › should create a standard target with all required fields" classname="01-critical-workflows/target-lifecycle.spec.ts" time="15.402">
<failure message="target-lifecycle.spec.ts:28:5 should create a standard target with all required fields" type="FAILURE">
<![CDATA[  [chromium] › 01-critical-workflows/target-lifecycle.spec.ts:28:5 › Target Lifecycle - Critical Workflows › Target Nomination Workflow › should create a standard target with all required fields 

    TimeoutError: page.waitForSelector: Timeout 10000ms exceeded.
    Call log:
      - waiting for locator('[data-testid="target-nomination-form"]') to be visible


       at helpers/testHelpers.ts:79

      77 |     await page.goto('/smartops/target-nomination');
      78 |     await page.waitForLoadState('networkidle');
    > 79 |     await page.waitForSelector('[data-testid="target-nomination-form"]', { timeout: 10000 });
         |                ^
      80 |   }
      81 |
      82 |   static async goToJTBSession(page: Page) {
        at Function.goToTargetNomination (/Users/vidarbrevik/projects/plan-target-assessment/frontend/tests/helpers/testHelpers.ts:79:16)
        at /Users/vidarbrevik/projects/plan-target-assessment/frontend/tests/01-critical-workflows/target-lifecycle.spec.ts:31:7

    attachment #1: screenshot (image/png) ──────────────────────────────────────────────────────────
    ../test-results/01-critical-workflows-targ-85fc3-et-with-all-required-fields-chromium/test-failed-1.png
    ────────────────────────────────────────────────────────────────────────────────────────────────

    attachment #2: video (video/webm) ──────────────────────────────────────────────────────────────
    ../test-results/01-critical-workflows-targ-85fc3-et-with-all-required-fields-chromium/video.webm
    ────────────────────────────────────────────────────────────────────────────────────────────────

    Error Context: ../test-results/01-critical-workflows-targ-85fc3-et-with-all-required-fields-chromium/error-context.md

    attachment #4: trace (application/zip) ─────────────────────────────────────────────────────────
    ../test-results/01-critical-workflows-targ-85fc3-et-with-all-required-fields-chromium/trace.zip
    Usage:

        npx playwright show-trace ../test-results/01-critical-workflows-targ-85fc3-et-with-all-required-fields-chromium/trace.zip

    ────────────────────────────────────────────────────────────────────────────────────────────────
]]>
</failure>
<system-out>
<![CDATA[🎯 Testing: Standard target creation

[[ATTACHMENT|test-results/01-critical-workflows-targ-85fc3-et-with-all-required-fields-chromium/test-failed-1.png]]

[[ATTACHMENT|test-results/01-critical-workflows-targ-85fc3-et-with-all-required-fields-chromium/video.webm]]

[[ATTACHMENT|test-results/01-critical-workflows-targ-85fc3-et-with-all-required-fields-chromium/error-context.md]]

[[ATTACHMENT|test-results/01-critical-workflows-targ-85fc3-et-with-all-required-fields-chromium/trace.zip]]
]]>
</system-out>
</testcase>
<testcase name="Target Lifecycle - Critical Workflows › Target Nomination Workflow › should create a Time-Sensitive Target (TST) with deadline" classname="01-critical-workflows/target-lifecycle.spec.ts" time="14.3">
<failure message="target-lifecycle.spec.ts:55:5 should create a Time-Sensitive Target (TST) with deadline" type="FAILURE">
<![CDATA[  [chromium] › 01-critical-workflows/target-lifecycle.spec.ts:55:5 › Target Lifecycle - Critical Workflows › Target Nomination Workflow › should create a Time-Sensitive Target (TST) with deadline 

    TimeoutError: page.waitForSelector: Timeout 10000ms exceeded.
    Call log:
      - waiting for locator('[data-testid="target-nomination-form"]') to be visible


       at helpers/testHelpers.ts:79

      77 |     await page.goto('/smartops/target-nomination');
      78 |     await page.waitForLoadState('networkidle');
    > 79 |     await page.waitForSelector('[data-testid="target-nomination-form"]', { timeout: 10000 });
         |                ^
      80 |   }
      81 |
      82 |   static async goToJTBSession(page: Page) {
        at Function.goToTargetNomination (/Users/vidarbrevik/projects/plan-target-assessment/frontend/tests/helpers/testHelpers.ts:79:16)
        at /Users/vidarbrevik/projects/plan-target-assessment/frontend/tests/01-critical-workflows/target-lifecycle.spec.ts:58:7

    attachment #1: screenshot (image/png) ──────────────────────────────────────────────────────────
    ../test-results/01-critical-workflows-targ-d92a0-ve-Target-TST-with-deadline-chromium/test-failed-1.png
    ────────────────────────────────────────────────────────────────────────────────────────────────

    attachment #2: video (video/webm) ──────────────────────────────────────────────────────────────
    ../test-results/01-critical-workflows-targ-d92a0-ve-Target-TST-with-deadline-chromium/video.webm
    ────────────────────────────────────────────────────────────────────────────────────────────────

    Error Context: ../test-results/01-critical-workflows-targ-d92a0-ve-Target-TST-with-deadline-chromium/error-context.md

    attachment #4: trace (application/zip) ─────────────────────────────────────────────────────────
    ../test-results/01-critical-workflows-targ-d92a0-ve-Target-TST-with-deadline-chromium/trace.zip
    Usage:

        npx playwright show-trace ../test-results/01-critical-workflows-targ-d92a0-ve-Target-TST-with-deadline-chromium/trace.zip

    ────────────────────────────────────────────────────────────────────────────────────────────────
]]>
</failure>
<system-out>
<![CDATA[⏰ Testing: TST creation with deadline

[[ATTACHMENT|test-results/01-critical-workflows-targ-d92a0-ve-Target-TST-with-deadline-chromium/test-failed-1.png]]

[[ATTACHMENT|test-results/01-critical-workflows-targ-d92a0-ve-Target-TST-with-deadline-chromium/video.webm]]

[[ATTACHMENT|test-results/01-critical-workflows-targ-d92a0-ve-Target-TST-with-deadline-chromium/error-context.md]]

[[ATTACHMENT|test-results/01-critical-workflows-targ-d92a0-ve-Target-TST-with-deadline-chromium/trace.zip]]
]]>
</system-out>
</testcase>
<testcase name="Target Lifecycle - Critical Workflows › Target Nomination Workflow › should validate target coordinates format" classname="01-critical-workflows/target-lifecycle.spec.ts" time="12.221">
<failure message="target-lifecycle.spec.ts:84:5 should validate target coordinates format" type="FAILURE">
<![CDATA[  [chromium] › 01-critical-workflows/target-lifecycle.spec.ts:84:5 › Target Lifecycle - Critical Workflows › Target Nomination Workflow › should validate target coordinates format 

    TimeoutError: page.waitForSelector: Timeout 10000ms exceeded.
    Call log:
      - waiting for locator('[data-testid="target-nomination-form"]') to be visible


       at helpers/testHelpers.ts:79

      77 |     await page.goto('/smartops/target-nomination');
      78 |     await page.waitForLoadState('networkidle');
    > 79 |     await page.waitForSelector('[data-testid="target-nomination-form"]', { timeout: 10000 });
         |                ^
      80 |   }
      81 |
      82 |   static async goToJTBSession(page: Page) {
        at Function.goToTargetNomination (/Users/vidarbrevik/projects/plan-target-assessment/frontend/tests/helpers/testHelpers.ts:79:16)
        at /Users/vidarbrevik/projects/plan-target-assessment/frontend/tests/01-critical-workflows/target-lifecycle.spec.ts:87:7

    attachment #1: screenshot (image/png) ──────────────────────────────────────────────────────────
    ../test-results/01-critical-workflows-targ-e3657-e-target-coordinates-format-chromium/test-failed-1.png
    ────────────────────────────────────────────────────────────────────────────────────────────────

    attachment #2: video (video/webm) ──────────────────────────────────────────────────────────────
    ../test-results/01-critical-workflows-targ-e3657-e-target-coordinates-format-chromium/video.webm
    ────────────────────────────────────────────────────────────────────────────────────────────────

    Error Context: ../test-results/01-critical-workflows-targ-e3657-e-target-coordinates-format-chromium/error-context.md

    attachment #4: trace (application/zip) ─────────────────────────────────────────────────────────
    ../test-results/01-critical-workflows-targ-e3657-e-target-coordinates-format-chromium/trace.zip
    Usage:

        npx playwright show-trace ../test-results/01-critical-workflows-targ-e3657-e-target-coordinates-format-chromium/trace.zip

    ────────────────────────────────────────────────────────────────────────────────────────────────
]]>
</failure>
<system-out>
<![CDATA[📍 Testing: Target coordinate validation

[[ATTACHMENT|test-results/01-critical-workflows-targ-e3657-e-target-coordinates-format-chromium/test-failed-1.png]]

[[ATTACHMENT|test-results/01-critical-workflows-targ-e3657-e-target-coordinates-format-chromium/video.webm]]

[[ATTACHMENT|test-results/01-critical-workflows-targ-e3657-e-target-coordinates-format-chromium/error-context.md]]

[[ATTACHMENT|test-results/01-critical-workflows-targ-e3657-e-target-coordinates-format-chromium/trace.zip]]
]]>
</system-out>
</testcase>
<testcase name="Target Lifecycle - Critical Workflows › Target Nomination Workflow › should meet performance benchmark for target creation" classname="01-critical-workflows/target-lifecycle.spec.ts" time="17.777">
<failure message="target-lifecycle.spec.ts:103:5 should meet performance benchmark for target creation" type="FAILURE">
<![CDATA[  [chromium] › 01-critical-workflows/target-lifecycle.spec.ts:103:5 › Target Lifecycle - Critical Workflows › Target Nomination Workflow › should meet performance benchmark for target creation 

    TimeoutError: page.waitForSelector: Timeout 10000ms exceeded.
    Call log:
      - waiting for locator('[data-testid="target-nomination-form"]') to be visible


       at helpers/testHelpers.ts:79

      77 |     await page.goto('/smartops/target-nomination');
      78 |     await page.waitForLoadState('networkidle');
    > 79 |     await page.waitForSelector('[data-testid="target-nomination-form"]', { timeout: 10000 });
         |                ^
      80 |   }
      81 |
      82 |   static async goToJTBSession(page: Page) {
        at Function.goToTargetNomination (/Users/vidarbrevik/projects/plan-target-assessment/frontend/tests/helpers/testHelpers.ts:79:16)
        at /Users/vidarbrevik/projects/plan-target-assessment/frontend/tests/01-critical-workflows/target-lifecycle.spec.ts:108:7

    attachment #1: screenshot (image/png) ──────────────────────────────────────────────────────────
    ../test-results/01-critical-workflows-targ-554b0-nchmark-for-target-creation-chromium/test-failed-1.png
    ────────────────────────────────────────────────────────────────────────────────────────────────

    attachment #2: video (video/webm) ──────────────────────────────────────────────────────────────
    ../test-results/01-critical-workflows-targ-554b0-nchmark-for-target-creation-chromium/video.webm
    ────────────────────────────────────────────────────────────────────────────────────────────────

    Error Context: ../test-results/01-critical-workflows-targ-554b0-nchmark-for-target-creation-chromium/error-context.md

    attachment #4: trace (application/zip) ─────────────────────────────────────────────────────────
    ../test-results/01-critical-workflows-targ-554b0-nchmark-for-target-creation-chromium/trace.zip
    Usage:

        npx playwright show-trace ../test-results/01-critical-workflows-targ-554b0-nchmark-for-target-creation-chromium/trace.zip

    ────────────────────────────────────────────────────────────────────────────────────────────────
]]>
</failure>
<system-out>
<![CDATA[⚡ Testing: Target creation performance

[[ATTACHMENT|test-results/01-critical-workflows-targ-554b0-nchmark-for-target-creation-chromium/test-failed-1.png]]

[[ATTACHMENT|test-results/01-critical-workflows-targ-554b0-nchmark-for-target-creation-chromium/video.webm]]

[[ATTACHMENT|test-results/01-critical-workflows-targ-554b0-nchmark-for-target-creation-chromium/error-context.md]]

[[ATTACHMENT|test-results/01-critical-workflows-targ-554b0-nchmark-for-target-creation-chromium/trace.zip]]
]]>
</system-out>
</testcase>
<testcase name="Target Lifecycle - Critical Workflows › Target Validation Workflow › should validate target through J2 intelligence review" classname="01-critical-workflows/target-lifecycle.spec.ts" time="22.873">
<failure message="target-lifecycle.spec.ts:127:5 should validate target through J2 intelligence review" type="FAILURE">
<![CDATA[  [chromium] › 01-critical-workflows/target-lifecycle.spec.ts:127:5 › Target Lifecycle - Critical Workflows › Target Validation Workflow › should validate target through J2 intelligence review 

    TimeoutError: page.waitForSelector: Timeout 10000ms exceeded.
    Call log:
      - waiting for locator('[data-testid="target-nomination-form"]') to be visible


       at helpers/testHelpers.ts:79

      77 |     await page.goto('/smartops/target-nomination');
      78 |     await page.waitForLoadState('networkidle');
    > 79 |     await page.waitForSelector('[data-testid="target-nomination-form"]', { timeout: 10000 });
         |                ^
      80 |   }
      81 |
      82 |   static async goToJTBSession(page: Page) {
        at Function.goToTargetNomination (/Users/vidarbrevik/projects/plan-target-assessment/frontend/tests/helpers/testHelpers.ts:79:16)
        at Function.createTarget (/Users/vidarbrevik/projects/plan-target-assessment/frontend/tests/helpers/testHelpers.ts:104:5)
        at /Users/vidarbrevik/projects/plan-target-assessment/frontend/tests/01-critical-workflows/target-lifecycle.spec.ts:131:24

    attachment #1: screenshot (image/png) ──────────────────────────────────────────────────────────
    ../test-results/01-critical-workflows-targ-fa170-ough-J2-intelligence-review-chromium/test-failed-1.png
    ────────────────────────────────────────────────────────────────────────────────────────────────

    attachment #2: video (video/webm) ──────────────────────────────────────────────────────────────
    ../test-results/01-critical-workflows-targ-fa170-ough-J2-intelligence-review-chromium/video.webm
    ────────────────────────────────────────────────────────────────────────────────────────────────

    Error Context: ../test-results/01-critical-workflows-targ-fa170-ough-J2-intelligence-review-chromium/error-context.md

    attachment #4: trace (application/zip) ─────────────────────────────────────────────────────────
    ../test-results/01-critical-workflows-targ-fa170-ough-J2-intelligence-review-chromium/trace.zip
    Usage:

        npx playwright show-trace ../test-results/01-critical-workflows-targ-fa170-ough-J2-intelligence-review-chromium/trace.zip

    ────────────────────────────────────────────────────────────────────────────────────────────────
]]>
</failure>
<system-out>
<![CDATA[🔍 Testing: Target validation by J2

[[ATTACHMENT|test-results/01-critical-workflows-targ-fa170-ough-J2-intelligence-review-chromium/test-failed-1.png]]

[[ATTACHMENT|test-results/01-critical-workflows-targ-fa170-ough-J2-intelligence-review-chromium/video.webm]]

[[ATTACHMENT|test-results/01-critical-workflows-targ-fa170-ough-J2-intelligence-review-chromium/error-context.md]]

[[ATTACHMENT|test-results/01-critical-workflows-targ-fa170-ough-J2-intelligence-review-chromium/trace.zip]]
]]>
</system-out>
</testcase>
<testcase name="Target Lifecycle - Critical Workflows › Target Validation Workflow › should reject target with insufficient intelligence" classname="01-critical-workflows/target-lifecycle.spec.ts" time="18.155">
<failure message="target-lifecycle.spec.ts:159:5 should reject target with insufficient intelligence" type="FAILURE">
<![CDATA[  [chromium] › 01-critical-workflows/target-lifecycle.spec.ts:159:5 › Target Lifecycle - Critical Workflows › Target Validation Workflow › should reject target with insufficient intelligence 

    TimeoutError: page.waitForSelector: Timeout 10000ms exceeded.
    Call log:
      - waiting for locator('[data-testid="target-nomination-form"]') to be visible


       at helpers/testHelpers.ts:79

      77 |     await page.goto('/smartops/target-nomination');
      78 |     await page.waitForLoadState('networkidle');
    > 79 |     await page.waitForSelector('[data-testid="target-nomination-form"]', { timeout: 10000 });
         |                ^
      80 |   }
      81 |
      82 |   static async goToJTBSession(page: Page) {
        at Function.goToTargetNomination (/Users/vidarbrevik/projects/plan-target-assessment/frontend/tests/helpers/testHelpers.ts:79:16)
        at Function.createTarget (/Users/vidarbrevik/projects/plan-target-assessment/frontend/tests/helpers/testHelpers.ts:104:5)
        at /Users/vidarbrevik/projects/plan-target-assessment/frontend/tests/01-critical-workflows/target-lifecycle.spec.ts:163:24

    attachment #1: screenshot (image/png) ──────────────────────────────────────────────────────────
    ../test-results/01-critical-workflows-targ-2954f-h-insufficient-intelligence-chromium/test-failed-1.png
    ────────────────────────────────────────────────────────────────────────────────────────────────

    attachment #2: video (video/webm) ──────────────────────────────────────────────────────────────
    ../test-results/01-critical-workflows-targ-2954f-h-insufficient-intelligence-chromium/video.webm
    ────────────────────────────────────────────────────────────────────────────────────────────────

    Error Context: ../test-results/01-critical-workflows-targ-2954f-h-insufficient-intelligence-chromium/error-context.md

    attachment #4: trace (application/zip) ─────────────────────────────────────────────────────────
    ../test-results/01-critical-workflows-targ-2954f-h-insufficient-intelligence-chromium/trace.zip
    Usage:

        npx playwright show-trace ../test-results/01-critical-workflows-targ-2954f-h-insufficient-intelligence-chromium/trace.zip

    ────────────────────────────────────────────────────────────────────────────────────────────────
]]>
</failure>
<system-out>
<![CDATA[❌ Testing: Target rejection due to insufficient intel

[[ATTACHMENT|test-results/01-critical-workflows-targ-2954f-h-insufficient-intelligence-chromium/test-failed-1.png]]

[[ATTACHMENT|test-results/01-critical-workflows-targ-2954f-h-insufficient-intelligence-chromium/video.webm]]

[[ATTACHMENT|test-results/01-critical-workflows-targ-2954f-h-insufficient-intelligence-chromium/error-context.md]]

[[ATTACHMENT|test-results/01-critical-workflows-targ-2954f-h-insufficient-intelligence-chromium/trace.zip]]
]]>
</system-out>
</testcase>
<testcase name="Target Lifecycle - Critical Workflows › JTB Approval Workflow › should approve target through Joint Targeting Board" classname="01-critical-workflows/target-lifecycle.spec.ts" time="21.934">
<failure message="target-lifecycle.spec.ts:192:5 should approve target through Joint Targeting Board" type="FAILURE">
<![CDATA[  [chromium] › 01-critical-workflows/target-lifecycle.spec.ts:192:5 › Target Lifecycle - Critical Workflows › JTB Approval Workflow › should approve target through Joint Targeting Board 

    TimeoutError: page.waitForSelector: Timeout 10000ms exceeded.
    Call log:
      - waiting for locator('[data-testid="target-nomination-form"]') to be visible


       at helpers/testHelpers.ts:79

      77 |     await page.goto('/smartops/target-nomination');
      78 |     await page.waitForLoadState('networkidle');
    > 79 |     await page.waitForSelector('[data-testid="target-nomination-form"]', { timeout: 10000 });
         |                ^
      80 |   }
      81 |
      82 |   static async goToJTBSession(page: Page) {
        at Function.goToTargetNomination (/Users/vidarbrevik/projects/plan-target-assessment/frontend/tests/helpers/testHelpers.ts:79:16)
        at Function.createTarget (/Users/vidarbrevik/projects/plan-target-assessment/frontend/tests/helpers/testHelpers.ts:104:5)
        at /Users/vidarbrevik/projects/plan-target-assessment/frontend/tests/01-critical-workflows/target-lifecycle.spec.ts:196:24

    attachment #1: screenshot (image/png) ──────────────────────────────────────────────────────────
    ../test-results/01-critical-workflows-targ-fcd89-rough-Joint-Targeting-Board-chromium/test-failed-1.png
    ────────────────────────────────────────────────────────────────────────────────────────────────

    attachment #2: video (video/webm) ──────────────────────────────────────────────────────────────
    ../test-results/01-critical-workflows-targ-fcd89-rough-Joint-Targeting-Board-chromium/video.webm
    ────────────────────────────────────────────────────────────────────────────────────────────────

    Error Context: ../test-results/01-critical-workflows-targ-fcd89-rough-Joint-Targeting-Board-chromium/error-context.md

    attachment #4: trace (application/zip) ─────────────────────────────────────────────────────────
    ../test-results/01-critical-workflows-targ-fcd89-rough-Joint-Targeting-Board-chromium/trace.zip
    Usage:

        npx playwright show-trace ../test-results/01-critical-workflows-targ-fcd89-rough-Joint-Targeting-Board-chromium/trace.zip

    ────────────────────────────────────────────────────────────────────────────────────────────────
]]>
</failure>
<system-out>
<![CDATA[🏛️ Testing: JTB target approval

[[ATTACHMENT|test-results/01-critical-workflows-targ-fcd89-rough-Joint-Targeting-Board-chromium/test-failed-1.png]]

[[ATTACHMENT|test-results/01-critical-workflows-targ-fcd89-rough-Joint-Targeting-Board-chromium/video.webm]]

[[ATTACHMENT|test-results/01-critical-workflows-targ-fcd89-rough-Joint-Targeting-Board-chromium/error-context.md]]

[[ATTACHMENT|test-results/01-critical-workflows-targ-fcd89-rough-Joint-Targeting-Board-chromium/trace.zip]]
]]>
</system-out>
</testcase>
<testcase name="Target Lifecycle - Critical Workflows › JTB Approval Workflow › should handle TST rapid approval (&lt;30 minutes)" classname="01-critical-workflows/target-lifecycle.spec.ts" time="59.788">
<failure message="target-lifecycle.spec.ts:220:5 should handle TST rapid approval (&lt;30 minutes)" type="FAILURE">
<![CDATA[  [chromium] › 01-critical-workflows/target-lifecycle.spec.ts:220:5 › Target Lifecycle - Critical Workflows › JTB Approval Workflow › should handle TST rapid approval (<30 minutes) 

[...]
    Usage:

        npx playwright show-trace ../test-results/targeting-workbench-integr-175c0-PI-should-return-valid-data-chromium/trace.zip

    ────────────────────────────────────────────────────────────────────────────────────────────────
]]>
</failure>
<system-out>
<![CDATA[
[[ATTACHMENT|test-results/targeting-workbench-integr-175c0-PI-should-return-valid-data-chromium/trace.zip]]
]]>
</system-out>
</testcase>
<testcase name="Targeting Workbench - API Integration Tests › Alternative Analysis Panel › Assumptions API should return valid data" classname="targeting-workbench-integration.spec.ts" time="0.496">
<failure message="targeting-workbench-integration.spec.ts:292:5 Assumptions API should return valid data" type="FAILURE">
<![CDATA[  [chromium] › targeting-workbench-integration.spec.ts:292:5 › Targeting Workbench - API Integration Tests › Alternative Analysis Panel › Assumptions API should return valid data 

    Error: expect(received).toBeTruthy()

    Received: false

      293 |       const response = await request.get(`${API_URL}/analysis/assumptions`);
      294 |       
    > 295 |       expect(response.ok()).toBeTruthy();
          |                             ^
      296 |       const data = await response.json();
      297 |       
      298 |       expect(Array.isArray(data)).toBeTruthy();
        at /Users/vidarbrevik/projects/plan-target-assessment/frontend/tests/targeting-workbench-integration.spec.ts:295:29

    attachment #1: trace (application/zip) ─────────────────────────────────────────────────────────
    ../test-results/targeting-workbench-integr-13589-PI-should-return-valid-data-chromium/trace.zip
    Usage:

        npx playwright show-trace ../test-results/targeting-workbench-integr-13589-PI-should-return-valid-data-chromium/trace.zip

    ────────────────────────────────────────────────────────────────────────────────────────────────
]]>
</failure>
<system-out>
<![CDATA[
[[ATTACHMENT|test-results/targeting-workbench-integr-13589-PI-should-return-valid-data-chromium/trace.zip]]
]]>
</system-out>
</testcase>
<testcase name="Targeting Workbench - API Integration Tests › Alternative Analysis Panel › Bias Alerts API should return valid data" classname="targeting-workbench-integration.spec.ts" time="0.815">
<failure message="targeting-workbench-integration.spec.ts:309:5 Bias Alerts API should return valid data" type="FAILURE">
<![CDATA[  [chromium] › targeting-workbench-integration.spec.ts:309:5 › Targeting Workbench - API Integration Tests › Alternative Analysis Panel › Bias Alerts API should return valid data 

    Error: expect(received).toBeTruthy()

    Received: false

      310 |       const response = await request.get(`${API_URL}/analysis/bias-alerts`);
      311 |       
    > 312 |       expect(response.ok()).toBeTruthy();
          |                             ^
      313 |       const data = await response.json();
      314 |       
      315 |       expect(Array.isArray(data)).toBeTruthy();
        at /Users/vidarbrevik/projects/plan-target-assessment/frontend/tests/targeting-workbench-integration.spec.ts:312:29

    attachment #1: trace (application/zip) ─────────────────────────────────────────────────────────
    ../test-results/targeting-workbench-integr-63386-PI-should-return-valid-data-chromium/trace.zip
    Usage:

        npx playwright show-trace ../test-results/targeting-workbench-integr-63386-PI-should-return-valid-data-chromium/trace.zip

    ────────────────────────────────────────────────────────────────────────────────────────────────
]]>
</failure>
<system-out>
<![CDATA[
[[ATTACHMENT|test-results/targeting-workbench-integr-63386-PI-should-return-valid-data-chromium/trace.zip]]
]]>
</system-out>
</testcase>
<testcase name="Targeting Workbench - API Integration Tests › Collaborative Workspace › Decisions API should return valid data" classname="targeting-workbench-integration.spec.ts" time="5.381">
<failure message="targeting-workbench-integration.spec.ts:320:5 Decisions API should return valid data" type="FAILURE">
<![CDATA[  [chromium] › targeting-workbench-integration.spec.ts:320:5 › Targeting Workbench - API Integration Tests › Collaborative Workspace › Decisions API should return valid data 

    Error: expect(received).toBeTruthy()

    Received: false

      321 |       const response = await request.get(`${API_URL}/decisions?limit=10`);
      322 |       
    > 323 |       expect(response.ok()).toBeTruthy();
          |                             ^
      324 |       const data = await response.json();
      325 |       
      326 |       expect(Array.isArray(data)).toBeTruthy();
        at /Users/vidarbrevik/projects/plan-target-assessment/frontend/tests/targeting-workbench-integration.spec.ts:323:29

    attachment #1: trace (application/zip) ─────────────────────────────────────────────────────────
    ../test-results/targeting-workbench-integr-03688-PI-should-return-valid-data-chromium/trace.zip
    Usage:

        npx playwright show-trace ../test-results/targeting-workbench-integr-03688-PI-should-return-valid-data-chromium/trace.zip

    ────────────────────────────────────────────────────────────────────────────────────────────────
]]>
</failure>
<system-out>
<![CDATA[
[[ATTACHMENT|test-results/targeting-workbench-integr-03688-PI-should-return-valid-data-chromium/trace.zip]]
]]>
</system-out>
</testcase>
<testcase name="Targeting Workbench - API Integration Tests › Collaborative Workspace › Handovers API should return valid data" classname="targeting-workbench-integration.spec.ts" time="0.665">
<failure message="targeting-workbench-integration.spec.ts:337:5 Handovers API should return valid data" type="FAILURE">
<![CDATA[  [chromium] › targeting-workbench-integration.spec.ts:337:5 › Targeting Workbench - API Integration Tests › Collaborative Workspace › Handovers API should return valid data 

    Error: expect(received).toBeTruthy()

    Received: false

      338 |       const response = await request.get(`${API_URL}/handovers?limit=5`);
      339 |       
    > 340 |       expect(response.ok()).toBeTruthy();
          |                             ^
      341 |       const data = await response.json();
      342 |       
      343 |       expect(Array.isArray(data)).toBeTruthy();
        at /Users/vidarbrevik/projects/plan-target-assessment/frontend/tests/targeting-workbench-integration.spec.ts:340:29

    attachment #1: trace (application/zip) ─────────────────────────────────────────────────────────
    ../test-results/targeting-workbench-integr-ae4a4-PI-should-return-valid-data-chromium/trace.zip
    Usage:

        npx playwright show-trace ../test-results/targeting-workbench-integr-ae4a4-PI-should-return-valid-data-chromium/trace.zip

    ────────────────────────────────────────────────────────────────────────────────────────────────
]]>
</failure>
<system-out>
<![CDATA[
[[ATTACHMENT|test-results/targeting-workbench-integr-ae4a4-PI-should-return-valid-data-chromium/trace.zip]]
]]>
</system-out>
</testcase>
<testcase name="Targeting Workbench - API Integration Tests › Target Management › Targets List API should return valid data" classname="targeting-workbench-integration.spec.ts" time="0.536">
<failure message="targeting-workbench-integration.spec.ts:348:5 Targets List API should return valid data" type="FAILURE">
<![CDATA[  [chromium] › targeting-workbench-integration.spec.ts:348:5 › Targeting Workbench - API Integration Tests › Target Management › Targets List API should return valid data 

    Error: expect(received).toBeTruthy()

    Received: false

      349 |       const response = await request.get(`${API_URL}/targets?limit=10`);
      350 |       
    > 351 |       expect(response.ok()).toBeTruthy();
          |                             ^
      352 |       const data = await response.json();
      353 |       
      354 |       expect(Array.isArray(data)).toBeTruthy();
        at /Users/vidarbrevik/projects/plan-target-assessment/frontend/tests/targeting-workbench-integration.spec.ts:351:29

    attachment #1: trace (application/zip) ─────────────────────────────────────────────────────────
    ../test-results/targeting-workbench-integr-0ac52-PI-should-return-valid-data-chromium/trace.zip
    Usage:

        npx playwright show-trace ../test-results/targeting-workbench-integr-0ac52-PI-should-return-valid-data-chromium/trace.zip

    ────────────────────────────────────────────────────────────────────────────────────────────────
]]>
</failure>
<system-out>
<![CDATA[
[[ATTACHMENT|test-results/targeting-workbench-integr-0ac52-PI-should-return-valid-data-chromium/trace.zip]]
]]>
</system-out>
</testcase>
<testcase name="Targeting Workbench - API Integration Tests › Target Management › Target Summary API should return valid data" classname="targeting-workbench-integration.spec.ts" time="0.676">
<failure message="targeting-workbench-integration.spec.ts:367:5 Target Summary API should return valid data" type="FAILURE">
<![CDATA[  [chromium] › targeting-workbench-integration.spec.ts:367:5 › Targeting Workbench - API Integration Tests › Target Management › Target Summary API should return valid data 

    Error: expect(received).toBeTruthy()

    Received: false

      368 |       const response = await request.get(`${API_URL}/summary`);
      369 |       
    > 370 |       expect(response.ok()).toBeTruthy();
          |                             ^
      371 |       const data = await response.json();
      372 |       
      373 |       expect(data).toHaveProperty('total_targets');
        at /Users/vidarbrevik/projects/plan-target-assessment/frontend/tests/targeting-workbench-integration.spec.ts:370:29

    attachment #1: trace (application/zip) ─────────────────────────────────────────────────────────
    ../test-results/targeting-workbench-integr-65371-PI-should-return-valid-data-chromium/trace.zip
    Usage:

        npx playwright show-trace ../test-results/targeting-workbench-integr-65371-PI-should-return-valid-data-chromium/trace.zip

    ────────────────────────────────────────────────────────────────────────────────────────────────
]]>
</failure>
<system-out>
<![CDATA[
[[ATTACHMENT|test-results/targeting-workbench-integr-65371-PI-should-return-valid-data-chromium/trace.zip]]
]]>
</system-out>
</testcase>
<testcase name="Targeting Workbench - API Integration Tests › JTB (Joint Targeting Board) › JTB Sessions API should return valid data" classname="targeting-workbench-integration.spec.ts" time="0.833">
<failure message="targeting-workbench-integration.spec.ts:381:5 JTB Sessions API should return valid data" type="FAILURE">
<![CDATA[  [chromium] › targeting-workbench-integration.spec.ts:381:5 › Targeting Workbench - API Integration Tests › JTB (Joint Targeting Board) › JTB Sessions API should return valid data 

    Error: expect(received).toBeTruthy()

    Received: false

      382 |       const response = await request.get(`${API_URL}/jtb/sessions`);
      383 |       
    > 384 |       expect(response.ok()).toBeTruthy();
          |                             ^
      385 |       const data = await response.json();
      386 |       
      387 |       expect(Array.isArray(data)).toBeTruthy();
        at /Users/vidarbrevik/projects/plan-target-assessment/frontend/tests/targeting-workbench-integration.spec.ts:384:29

    attachment #1: trace (application/zip) ─────────────────────────────────────────────────────────
    ../test-results/targeting-workbench-integr-f87da-PI-should-return-valid-data-chromium/trace.zip
    Usage:

        npx playwright show-trace ../test-results/targeting-workbench-integr-f87da-PI-should-return-valid-data-chromium/trace.zip

    ────────────────────────────────────────────────────────────────────────────────────────────────
]]>
</failure>
<system-out>
<![CDATA[
[[ATTACHMENT|test-results/targeting-workbench-integr-f87da-PI-should-return-valid-data-chromium/trace.zip]]
]]>
</system-out>
</testcase>
<testcase name="Targeting Workbench - API Integration Tests › Error Handling › Components should handle API errors gracefully" classname="targeting-workbench-integration.spec.ts" time="6.377">
<failure message="targeting-workbench-integration.spec.ts:403:5 Components should handle API errors gracefully" type="FAILURE">
<![CDATA[  [chromium] › targeting-workbench-integration.spec.ts:403:5 › Targeting Workbench - API Integration Tests › Error Handling › Components should handle API errors gracefully 

    Error: expect(locator).toBeVisible() failed

    Locator: getByText('ROE')
    Expected: visible
    Error: strict mode violation: getByText('ROE') resolved to 3 elements:
        1) <span class="font-medium text-[11px] uppercase tracking-tight truncate">ROE</span> aka getByRole('link', { name: 'ROE' })
        2) <span class="text-slate-400 font-bold uppercase">ROE:</span> aka getByRole('button', { name: '● ROE: WEAPON FREE' })
        3) <code class="go2308520686">roe </code> aka getByTestId('tanstack_devtools').getByText('roe')

    Call log:
      - Expect "toBeVisible" with timeout 10000ms
      - waiting for getByText('ROE')


      413 |       
      414 |       // Decision gates should still be visible (using fallback)
    > 415 |       await expect(page.getByText('ROE')).toBeVisible();
          |                                           ^
      416 |     });
      417 |
      418 |     test('Invalid API responses should not break UI', async ({ page }) => {
        at /Users/vidarbrevik/projects/plan-target-assessment/frontend/tests/targeting-workbench-integration.spec.ts:415:43

    attachment #1: screenshot (image/png) ──────────────────────────────────────────────────────────
    ../test-results/targeting-workbench-integr-d60bb-andle-API-errors-gracefully-chromium/test-failed-1.png
    ────────────────────────────────────────────────────────────────────────────────────────────────

    attachment #2: video (video/webm) ──────────────────────────────────────────────────────────────
    ../test-results/targeting-workbench-integr-d60bb-andle-API-errors-gracefully-chromium/video.webm
    ────────────────────────────────────────────────────────────────────────────────────────────────

    Error Context: ../test-results/targeting-workbench-integr-d60bb-andle-API-errors-gracefully-chromium/error-context.md

    attachment #4: trace (application/zip) ─────────────────────────────────────────────────────────
    ../test-results/targeting-workbench-integr-d60bb-andle-API-errors-gracefully-chromium/trace.zip
    Usage:

        npx playwright show-trace ../test-results/targeting-workbench-integr-d60bb-andle-API-errors-gracefully-chromium/trace.zip

    ────────────────────────────────────────────────────────────────────────────────────────────────
]]>
</failure>
<system-out>
<![CDATA[
[[ATTACHMENT|test-results/targeting-workbench-integr-d60bb-andle-API-errors-gracefully-chromium/test-failed-1.png]]

[[ATTACHMENT|test-results/targeting-workbench-integr-d60bb-andle-API-errors-gracefully-chromium/video.webm]]

[[ATTACHMENT|test-results/targeting-workbench-integr-d60bb-andle-API-errors-gracefully-chromium/error-context.md]]

[[ATTACHMENT|test-results/targeting-workbench-integr-d60bb-andle-API-errors-gracefully-chromium/trace.zip]]
]]>
</system-out>
</testcase>
<testcase name="Targeting Workbench - API Integration Tests › Error Handling › Invalid API responses should not break UI" classname="targeting-workbench-integration.spec.ts" time="15.188">
<failure message="targeting-workbench-integration.spec.ts:418:5 Invalid API responses should not break UI" type="FAILURE">
<![CDATA[  [chromium] › targeting-workbench-integration.spec.ts:418:5 › Targeting Workbench - API Integration Tests › Error Handling › Invalid API responses should not break UI 

    Error: expect(locator).toBeVisible() failed

    Locator: getByText('Target Nomination & Prioritization')
    Expected: visible
    Timeout: 10000ms
    Error: element(s) not found

    Call log:
      - Expect "toBeVisible" with timeout 10000ms
      - waiting for getByText('Target Nomination & Prioritization')


      428 |       
      429 |       // Component should handle error gracefully
    > 430 |       await expect(page.getByText('Target Nomination & Prioritization')).toBeVisible();
          |                                                                          ^
      431 |     });
      432 |   });
      433 |
        at /Users/vidarbrevik/projects/plan-target-assessment/frontend/tests/targeting-workbench-integration.spec.ts:430:74

    Error: apiRequestContext._wrapApiCall: ENOENT: no such file or directory, open '/Users/vidarbrevik/projects/plan-target-assessment/frontend/test-results/.playwright-artifacts-157/traces/82cc9ca182634c920a06-b17a08f394924c096378.trace'

    Error: ENOENT: no such file or directory, open '/Users/vidarbrevik/projects/plan-target-assessment/frontend/test-results/.playwright-artifacts-157/c265eb72ce81334df8ccf56563b429d7.zip'

    Test timeout of 60000ms exceeded.

    attachment #1: screenshot (image/png) ──────────────────────────────────────────────────────────
    ../test-results/targeting-workbench-integr-3bd65-sponses-should-not-break-UI-chromium/test-failed-1.png
    ────────────────────────────────────────────────────────────────────────────────────────────────

    Error Context: ../test-results/targeting-workbench-integr-3bd65-sponses-should-not-break-UI-chromium/error-context.md
]]>
</failure>
<system-out>
<![CDATA[
[[ATTACHMENT|test-results/targeting-workbench-integr-3bd65-sponses-should-not-break-UI-chromium/test-failed-1.png]]

[[ATTACHMENT|test-results/targeting-workbench-integr-3bd65-sponses-should-not-break-UI-chromium/error-context.md]]
]]>
</system-out>
</testcase>
<testcase name="Targeting Workbench - API Integration Tests › Auto-Refresh Functionality › DecisionGatesBar should auto-refresh" classname="targeting-workbench-integration.spec.ts" time="37.694">
<failure message="targeting-workbench-integration.spec.ts:435:5 DecisionGatesBar should auto-refresh" type="FAILURE">
<![CDATA[  [chromium] › targeting-workbench-integration.spec.ts:435:5 › Targeting Workbench - API Integration Tests › Auto-Refresh Functionality › DecisionGatesBar should auto-refresh 

    Error: expect(received).toBeGreaterThanOrEqual(expected)

    Expected: >= 2
    Received:    0

      450 |       
      451 |       // Should have been called at least twice (initial + refresh)
    > 452 |       expect(apiCallCount).toBeGreaterThanOrEqual(2);
          |                            ^
      453 |     });
      454 |   });
      455 | });
        at /Users/vidarbrevik/projects/plan-target-assessment/frontend/tests/targeting-workbench-integration.spec.ts:452:28

    Error: apiRequestContext._wrapApiCall: ENOENT: no such file or directory, open '/Users/vidarbrevik/projects/plan-target-assessment/frontend/test-results/.playwright-artifacts-166/traces/82cc9ca182634c920a06-afab0e159e10aec44097.trace'

    Error: ENOENT: no such file or directory, open '/Users/vidarbrevik/projects/plan-target-assessment/frontend/test-results/.playwright-artifacts-166/6dc06d9a4e8cd9629b003cea6be95be6.zip'

    Test timeout of 60000ms exceeded.

    attachment #1: screenshot (image/png) ──────────────────────────────────────────────────────────
    ../test-results/targeting-workbench-integr-725a8-atesBar-should-auto-refresh-chromium/test-failed-1.png
    ────────────────────────────────────────────────────────────────────────────────────────────────

    Error Context: ../test-results/targeting-workbench-integr-725a8-atesBar-should-auto-refresh-chromium/error-context.md
]]>
</failure>
<system-out>
<![CDATA[
[[ATTACHMENT|test-results/targeting-workbench-integr-725a8-atesBar-should-auto-refresh-chromium/test-failed-1.png]]

[[ATTACHMENT|test-results/targeting-workbench-integr-725a8-atesBar-should-auto-refresh-chromium/error-context.md]]
]]>
</system-out>
</testcase>
</testsuite>
</testsuites>